  [1m[35m (0.1ms)[0m  [1m[34mSELECT "schema_migrations"."version" FROM "schema_migrations" ORDER BY "schema_migrations"."version" ASC[0m
  ↳ bin/rails:9
Migrating to CreateArticles (20190815185558)
  [1m[35m (0.1ms)[0m  [1m[36mbegin transaction[0m
  ↳ bin/rails:9
  [1m[35m (0.1ms)[0m  [1m[34mSELECT sqlite_version(*)[0m
  ↳ db/migrate/20190815185558_create_articles.rb:3
  [1m[35m (0.3ms)[0m  [1m[35mCREATE TABLE "articles" ("id" integer PRIMARY KEY AUTOINCREMENT NOT NULL, "title" varchar, "description" varchar, "images" varchar, "body" varchar, "date" varchar, "tags" varchar, "created_at" datetime NOT NULL, "updated_at" datetime NOT NULL)[0m
  ↳ db/migrate/20190815185558_create_articles.rb:3
  [1m[36mActiveRecord::SchemaMigration Create (0.2ms)[0m  [1m[32mINSERT INTO "schema_migrations" ("version") VALUES (?)[0m  [["version", "20190815185558"]]
  ↳ bin/rails:9
  [1m[35m (22.9ms)[0m  [1m[36mcommit transaction[0m
  ↳ bin/rails:9
  [1m[36mActiveRecord::InternalMetadata Load (0.2ms)[0m  [1m[34mSELECT  "ar_internal_metadata".* FROM "ar_internal_metadata" WHERE "ar_internal_metadata"."key" = ? LIMIT ?[0m  [["key", "environment"], ["LIMIT", 1]]
  ↳ bin/rails:9
  [1m[35m (0.1ms)[0m  [1m[36mbegin transaction[0m
  ↳ bin/rails:9
  [1m[36mActiveRecord::InternalMetadata Create (0.2ms)[0m  [1m[32mINSERT INTO "ar_internal_metadata" ("key", "value", "created_at", "updated_at") VALUES (?, ?, ?, ?)[0m  [["key", "environment"], ["value", "development"], ["created_at", "2019-08-15 18:56:10.399663"], ["updated_at", "2019-08-15 18:56:10.399663"]]
  ↳ bin/rails:9
  [1m[35m (9.0ms)[0m  [1m[36mcommit transaction[0m
  ↳ bin/rails:9
  [1m[35m (0.1ms)[0m  [1m[34mSELECT "schema_migrations"."version" FROM "schema_migrations" ORDER BY "schema_migrations"."version" ASC[0m
  ↳ bin/rails:9
Started GET "/" for 127.0.0.1 at 2019-08-15 21:04:05 +0200
  [1m[35m (0.1ms)[0m  [1m[34mSELECT "schema_migrations"."version" FROM "schema_migrations" ORDER BY "schema_migrations"."version" ASC[0m
  ↳ /home/chris/.rbenv/versions/2.5.3/lib/ruby/gems/2.5.0/gems/activerecord-5.2.3/lib/active_record/log_subscriber.rb:98
Processing by Rails::WelcomeController#index as HTML
  Rendering /home/chris/.rbenv/versions/2.5.3/lib/ruby/gems/2.5.0/gems/railties-5.2.3/lib/rails/templates/rails/welcome/index.html.erb
  Rendered /home/chris/.rbenv/versions/2.5.3/lib/ruby/gems/2.5.0/gems/railties-5.2.3/lib/rails/templates/rails/welcome/index.html.erb (2.0ms)
Completed 200 OK in 5ms (Views: 4.1ms | ActiveRecord: 0.0ms)


Started GET "/" for 127.0.0.1 at 2019-08-15 21:04:34 +0200
  [1m[35m (0.1ms)[0m  [1m[34mSELECT "schema_migrations"."version" FROM "schema_migrations" ORDER BY "schema_migrations"."version" ASC[0m
  ↳ /home/chris/.rbenv/versions/2.5.3/lib/ruby/gems/2.5.0/gems/activerecord-5.2.3/lib/active_record/log_subscriber.rb:98
Processing by Rails::WelcomeController#index as HTML
  Rendering /home/chris/.rbenv/versions/2.5.3/lib/ruby/gems/2.5.0/gems/railties-5.2.3/lib/rails/templates/rails/welcome/index.html.erb
  Rendered /home/chris/.rbenv/versions/2.5.3/lib/ruby/gems/2.5.0/gems/railties-5.2.3/lib/rails/templates/rails/welcome/index.html.erb (2.8ms)
Completed 200 OK in 6ms (Views: 5.1ms | ActiveRecord: 0.0ms)


Started GET "/favicon.ico" for 127.0.0.1 at 2019-08-15 21:04:34 +0200
  
ActionController::RoutingError (No route matches [GET] "/favicon.ico"):
  
actionpack (5.2.3) lib/action_dispatch/middleware/debug_exceptions.rb:65:in `call'
actionpack (5.2.3) lib/action_dispatch/middleware/show_exceptions.rb:33:in `call'
railties (5.2.3) lib/rails/rack/logger.rb:38:in `call_app'
railties (5.2.3) lib/rails/rack/logger.rb:26:in `block in call'
activesupport (5.2.3) lib/active_support/tagged_logging.rb:71:in `block in tagged'
activesupport (5.2.3) lib/active_support/tagged_logging.rb:28:in `tagged'
activesupport (5.2.3) lib/active_support/tagged_logging.rb:71:in `tagged'
railties (5.2.3) lib/rails/rack/logger.rb:26:in `call'
actionpack (5.2.3) lib/action_dispatch/middleware/remote_ip.rb:81:in `call'
actionpack (5.2.3) lib/action_dispatch/middleware/request_id.rb:27:in `call'
rack (2.0.7) lib/rack/runtime.rb:22:in `call'
activesupport (5.2.3) lib/active_support/cache/strategy/local_cache_middleware.rb:29:in `call'
actionpack (5.2.3) lib/action_dispatch/middleware/executor.rb:14:in `call'
actionpack (5.2.3) lib/action_dispatch/middleware/static.rb:127:in `call'
rack (2.0.7) lib/rack/sendfile.rb:111:in `call'
railties (5.2.3) lib/rails/engine.rb:524:in `call'
puma (3.12.1) lib/puma/configuration.rb:227:in `call'
puma (3.12.1) lib/puma/server.rb:660:in `handle_request'
puma (3.12.1) lib/puma/server.rb:474:in `process_client'
puma (3.12.1) lib/puma/server.rb:334:in `block in run'
puma (3.12.1) lib/puma/thread_pool.rb:135:in `block in spawn_thread'
Started GET "/articles/" for ::1 at 2019-08-15 21:07:26 +0200
  
SyntaxError (/home/chris/Software/ezSoftware/escohotado/escohotado-server/app/controllers/articles_controller.rb:1: class/module name must be CONSTANT
class articlesController < ApplicationController
                         ^
/home/chris/Software/ezSoftware/escohotado/escohotado-server/app/controllers/articles_controller.rb:47: syntax error, unexpected tIDENTIFIER, expecting keyword_do or '{' or '('
      json_response whic
                    ^~~~):
  
app/controllers/articles_controller.rb:1: class/module name must be CONSTANT
app/controllers/articles_controller.rb:47: syntax error, unexpected tIDENTIFIER, expecting keyword_do or '{' or '('
Started GET "/articles/" for ::1 at 2019-08-15 21:08:13 +0200
  [1m[35m (0.1ms)[0m  [1m[34mSELECT "schema_migrations"."version" FROM "schema_migrations" ORDER BY "schema_migrations"."version" ASC[0m
  ↳ /home/chris/.rbenv/versions/2.5.3/lib/ruby/gems/2.5.0/gems/activerecord-5.2.3/lib/active_record/log_subscriber.rb:98
  
SyntaxError (/home/chris/Software/ezSoftware/escohotado/escohotado-server/app/controllers/articles_controller.rb:1: class/module name must be CONSTANT
class articlesController < ApplicationController
                         ^):
  
app/controllers/articles_controller.rb:1: class/module name must be CONSTANT
Started GET "/articles/" for ::1 at 2019-08-15 21:08:59 +0200
  
ActionController::RoutingError (uninitialized constant ApplicationController::Response):
  
app/controllers/application_controller.rb:2:in `<class:ApplicationController>'
app/controllers/application_controller.rb:1:in `<top (required)>'
app/controllers/articles_controller.rb:1:in `<top (required)>'
Started GET "/" for 127.0.0.1 at 2019-08-15 21:09:24 +0200
Processing by Rails::WelcomeController#index as HTML
  Rendering /home/chris/.rbenv/versions/2.5.3/lib/ruby/gems/2.5.0/gems/railties-5.2.3/lib/rails/templates/rails/welcome/index.html.erb
  Rendered /home/chris/.rbenv/versions/2.5.3/lib/ruby/gems/2.5.0/gems/railties-5.2.3/lib/rails/templates/rails/welcome/index.html.erb (10.2ms)
Completed 200 OK in 25ms (Views: 21.5ms | ActiveRecord: 0.0ms)


Started GET "/favicon.ico" for 127.0.0.1 at 2019-08-15 21:09:24 +0200
  
ActionController::RoutingError (No route matches [GET] "/favicon.ico"):
  
actionpack (5.2.3) lib/action_dispatch/middleware/debug_exceptions.rb:65:in `call'
actionpack (5.2.3) lib/action_dispatch/middleware/show_exceptions.rb:33:in `call'
railties (5.2.3) lib/rails/rack/logger.rb:38:in `call_app'
railties (5.2.3) lib/rails/rack/logger.rb:26:in `block in call'
activesupport (5.2.3) lib/active_support/tagged_logging.rb:71:in `block in tagged'
activesupport (5.2.3) lib/active_support/tagged_logging.rb:28:in `tagged'
activesupport (5.2.3) lib/active_support/tagged_logging.rb:71:in `tagged'
railties (5.2.3) lib/rails/rack/logger.rb:26:in `call'
actionpack (5.2.3) lib/action_dispatch/middleware/remote_ip.rb:81:in `call'
actionpack (5.2.3) lib/action_dispatch/middleware/request_id.rb:27:in `call'
rack (2.0.7) lib/rack/runtime.rb:22:in `call'
activesupport (5.2.3) lib/active_support/cache/strategy/local_cache_middleware.rb:29:in `call'
actionpack (5.2.3) lib/action_dispatch/middleware/executor.rb:14:in `call'
actionpack (5.2.3) lib/action_dispatch/middleware/static.rb:127:in `call'
rack (2.0.7) lib/rack/sendfile.rb:111:in `call'
railties (5.2.3) lib/rails/engine.rb:524:in `call'
puma (3.12.1) lib/puma/configuration.rb:227:in `call'
puma (3.12.1) lib/puma/server.rb:660:in `handle_request'
puma (3.12.1) lib/puma/server.rb:474:in `process_client'
puma (3.12.1) lib/puma/server.rb:334:in `block in run'
puma (3.12.1) lib/puma/thread_pool.rb:135:in `block in spawn_thread'
Started GET "/articles" for ::1 at 2019-08-15 21:10:12 +0200
  
ActionController::RoutingError (uninitialized constant ApplicationController::Response):
  
app/controllers/application_controller.rb:2:in `<class:ApplicationController>'
app/controllers/application_controller.rb:1:in `<top (required)>'
app/controllers/articles_controller.rb:1:in `<top (required)>'
Started GET "/articles/" for ::1 at 2019-08-15 21:11:26 +0200
  
ActionController::RoutingError (uninitialized constant ApplicationController::Response):
  
app/controllers/application_controller.rb:2:in `<class:ApplicationController>'
app/controllers/application_controller.rb:1:in `<top (required)>'
app/controllers/articles_controller.rb:1:in `<top (required)>'
Started GET "/articles/" for ::1 at 2019-08-15 21:15:27 +0200
  [1m[35m (0.2ms)[0m  [1m[34mSELECT "schema_migrations"."version" FROM "schema_migrations" ORDER BY "schema_migrations"."version" ASC[0m
  ↳ /home/chris/.rbenv/versions/2.5.3/lib/ruby/gems/2.5.0/gems/activerecord-5.2.3/lib/active_record/log_subscriber.rb:98
  
ActionController::RoutingError (uninitialized constant ApplicationController::Response):
  
app/controllers/application_controller.rb:2:in `<class:ApplicationController>'
app/controllers/application_controller.rb:1:in `<top (required)>'
app/controllers/articles_controller.rb:1:in `<top (required)>'
Started GET "/articles/" for ::1 at 2019-08-15 21:17:01 +0200
Processing by ArticlesController#index as */*
Completed 500 Internal Server Error in 87ms (ActiveRecord: 0.0ms)


  
NameError (undefined local variable or method `article' for #<ArticlesController:0x00005613bc689450>
Did you mean?  article_url):
  
app/controllers/articles_controller.rb:6:in `index'
Started GET "/articles/" for ::1 at 2019-08-15 21:19:34 +0200
  [1m[35m (0.2ms)[0m  [1m[34mSELECT "schema_migrations"."version" FROM "schema_migrations" ORDER BY "schema_migrations"."version" ASC[0m
  ↳ /home/chris/.rbenv/versions/2.5.3/lib/ruby/gems/2.5.0/gems/activerecord-5.2.3/lib/active_record/log_subscriber.rb:98
Processing by ArticlesController#index as */*
  [1m[36mArticle Load (0.2ms)[0m  [1m[34mSELECT "articles".* FROM "articles"[0m
  ↳ app/controllers/concerns/response.rb:3
Completed 200 OK in 4ms (Views: 1.6ms | ActiveRecord: 0.6ms)


Started GET "/articles/1/" for ::1 at 2019-08-15 21:19:40 +0200
Processing by ArticlesController#show as */*
  Parameters: {"id"=>"1"}
  [1m[36mArticle Load (0.2ms)[0m  [1m[34mSELECT  "articles".* FROM "articles" WHERE "articles"."id" = ? LIMIT ?[0m  [["id", 1], ["LIMIT", 1]]
  ↳ app/controllers/articles_controller.rb:41
Completed 404 Not Found in 4ms (Views: 0.2ms | ActiveRecord: 0.7ms)


  [1m[35m (0.1ms)[0m  [1m[34mSELECT "schema_migrations"."version" FROM "schema_migrations" ORDER BY "schema_migrations"."version" ASC[0m
  ↳ /home/chris/.rbenv/versions/2.5.3/bin/rake:23
  [1m[36mActiveRecord::InternalMetadata Load (0.1ms)[0m  [1m[34mSELECT  "ar_internal_metadata".* FROM "ar_internal_metadata" WHERE "ar_internal_metadata"."key" = ? LIMIT ?[0m  [["key", "environment"], ["LIMIT", 1]]
  ↳ /home/chris/.rbenv/versions/2.5.3/bin/rake:23
  [1m[35m (0.0ms)[0m  [1m[36mbegin transaction[0m
  ↳ /home/chris/.rbenv/versions/2.5.3/bin/rake:23
  [1m[35m (0.0ms)[0m  [1m[36mcommit transaction[0m
  ↳ /home/chris/.rbenv/versions/2.5.3/bin/rake:23
  [1m[35m (0.1ms)[0m  [1m[34mSELECT "schema_migrations"."version" FROM "schema_migrations" ORDER BY "schema_migrations"."version" ASC[0m
  ↳ /home/chris/.rbenv/versions/2.5.3/bin/rake:23
  [1m[35m (0.1ms)[0m  [1m[34mSELECT "schema_migrations"."version" FROM "schema_migrations" ORDER BY "schema_migrations"."version" ASC[0m
  ↳ /home/chris/.rbenv/versions/2.5.3/bin/rake:23
  [1m[35m (514.7ms)[0m  [1m[35mCREATE DATABASE "escohotado-server_development" ENCODING = 'unicode'[0m
  ↳ /home/chris/.rbenv/versions/2.5.3/bin/rake:23
  [1m[35m (327.5ms)[0m  [1m[35mCREATE DATABASE "escohotado-server_test" ENCODING = 'unicode'[0m
  ↳ /home/chris/.rbenv/versions/2.5.3/bin/rake:23
  [1m[35m (0.2ms)[0m  [1m[35mCREATE DATABASE "escohotado-server_development" ENCODING = 'unicode'[0m
  ↳ /home/chris/.rbenv/versions/2.5.3/bin/rake:23
  [1m[35m (0.2ms)[0m  [1m[35mCREATE DATABASE "escohotado-server_test" ENCODING = 'unicode'[0m
  ↳ /home/chris/.rbenv/versions/2.5.3/bin/rake:23
  [1m[35m (114.5ms)[0m  [1m[35mDROP DATABASE IF EXISTS "escohotado-server_development"[0m
  ↳ /home/chris/.rbenv/versions/2.5.3/bin/rake:23
  [1m[35m (119.7ms)[0m  [1m[35mDROP DATABASE IF EXISTS "escohotado-server_test"[0m
  ↳ /home/chris/.rbenv/versions/2.5.3/bin/rake:23
  [1m[35m (0.1ms)[0m  [1m[35mDROP DATABASE IF EXISTS "escohotado-server_development"[0m
  ↳ /home/chris/.rbenv/versions/2.5.3/bin/rake:23
  [1m[35m (0.1ms)[0m  [1m[35mDROP DATABASE IF EXISTS "escohotado-server_test"[0m
  ↳ /home/chris/.rbenv/versions/2.5.3/bin/rake:23
  [1m[35m (329.8ms)[0m  [1m[35mCREATE DATABASE "escohotado-server_development" ENCODING = 'unicode'[0m
  ↳ /home/chris/.rbenv/versions/2.5.3/bin/rake:23
  [1m[35m (323.1ms)[0m  [1m[35mCREATE DATABASE "escohotado-server_test" ENCODING = 'unicode'[0m
  ↳ /home/chris/.rbenv/versions/2.5.3/bin/rake:23
  [1m[35m (28.9ms)[0m  [1m[35mCREATE TABLE "schema_migrations" ("version" character varying NOT NULL PRIMARY KEY)[0m
  ↳ /home/chris/.rbenv/versions/2.5.3/bin/rake:23
  [1m[35m (25.2ms)[0m  [1m[35mCREATE TABLE "ar_internal_metadata" ("key" character varying NOT NULL PRIMARY KEY, "value" character varying, "created_at" timestamp NOT NULL, "updated_at" timestamp NOT NULL)[0m
  ↳ /home/chris/.rbenv/versions/2.5.3/bin/rake:23
  [1m[35m (0.6ms)[0m  [1m[34mSELECT pg_try_advisory_lock(1298460448045215210)[0m
  ↳ /home/chris/.rbenv/versions/2.5.3/bin/rake:23
  [1m[35m (1.1ms)[0m  [1m[34mSELECT "schema_migrations"."version" FROM "schema_migrations" ORDER BY "schema_migrations"."version" ASC[0m
  ↳ /home/chris/.rbenv/versions/2.5.3/bin/rake:23
Migrating to CreateArticles (20190815185558)
  [1m[35m (0.3ms)[0m  [1m[35mBEGIN[0m
  ↳ /home/chris/.rbenv/versions/2.5.3/bin/rake:23
  [1m[35m (14.4ms)[0m  [1m[35mCREATE TABLE "articles" ("id" bigserial primary key, "title" character varying, "description" character varying, "images" character varying, "body" character varying, "date" character varying, "tags" character varying, "created_at" timestamp NOT NULL, "updated_at" timestamp NOT NULL)[0m
  ↳ db/migrate/20190815185558_create_articles.rb:3
  [1m[36mActiveRecord::SchemaMigration Create (1.0ms)[0m  [1m[32mINSERT INTO "schema_migrations" ("version") VALUES ($1) RETURNING "version"[0m  [["version", "20190815185558"]]
  ↳ /home/chris/.rbenv/versions/2.5.3/bin/rake:23
  [1m[35m (0.9ms)[0m  [1m[35mCOMMIT[0m
  ↳ /home/chris/.rbenv/versions/2.5.3/bin/rake:23
  [1m[36mActiveRecord::InternalMetadata Load (0.7ms)[0m  [1m[34mSELECT  "ar_internal_metadata".* FROM "ar_internal_metadata" WHERE "ar_internal_metadata"."key" = $1 LIMIT $2[0m  [["key", "environment"], ["LIMIT", 1]]
  ↳ /home/chris/.rbenv/versions/2.5.3/bin/rake:23
  [1m[35m (0.3ms)[0m  [1m[35mBEGIN[0m
  ↳ /home/chris/.rbenv/versions/2.5.3/bin/rake:23
  [1m[36mActiveRecord::InternalMetadata Create (2.4ms)[0m  [1m[32mINSERT INTO "ar_internal_metadata" ("key", "value", "created_at", "updated_at") VALUES ($1, $2, $3, $4) RETURNING "key"[0m  [["key", "environment"], ["value", "development"], ["created_at", "2019-08-15 19:32:03.012615"], ["updated_at", "2019-08-15 19:32:03.012615"]]
  ↳ /home/chris/.rbenv/versions/2.5.3/bin/rake:23
  [1m[35m (0.9ms)[0m  [1m[35mCOMMIT[0m
  ↳ /home/chris/.rbenv/versions/2.5.3/bin/rake:23
  [1m[35m (0.5ms)[0m  [1m[34mSELECT pg_advisory_unlock(1298460448045215210)[0m
  ↳ /home/chris/.rbenv/versions/2.5.3/bin/rake:23
  [1m[35m (0.5ms)[0m  [1m[34mSELECT "schema_migrations"."version" FROM "schema_migrations" ORDER BY "schema_migrations"."version" ASC[0m
  ↳ /home/chris/.rbenv/versions/2.5.3/bin/rake:23
Started GET "/" for 127.0.0.1 at 2019-08-15 21:32:28 +0200
  [1m[35m (0.7ms)[0m  [1m[34mSELECT "schema_migrations"."version" FROM "schema_migrations" ORDER BY "schema_migrations"."version" ASC[0m
  ↳ /home/chris/.rbenv/versions/2.5.3/lib/ruby/gems/2.5.0/gems/activerecord-5.2.3/lib/active_record/log_subscriber.rb:98
Processing by Rails::WelcomeController#index as HTML
  Rendering /home/chris/.rbenv/versions/2.5.3/lib/ruby/gems/2.5.0/gems/railties-5.2.3/lib/rails/templates/rails/welcome/index.html.erb
  Rendered /home/chris/.rbenv/versions/2.5.3/lib/ruby/gems/2.5.0/gems/railties-5.2.3/lib/rails/templates/rails/welcome/index.html.erb (2.3ms)
Completed 200 OK in 6ms (Views: 4.5ms | ActiveRecord: 0.0ms)


Started GET "/articles/1/" for ::1 at 2019-08-15 21:32:32 +0200
Processing by ArticlesController#show as */*
  Parameters: {"id"=>"1"}
  [1m[36mArticle Load (0.9ms)[0m  [1m[34mSELECT  "articles".* FROM "articles" WHERE "articles"."id" = $1 LIMIT $2[0m  [["id", 1], ["LIMIT", 1]]
  ↳ app/controllers/articles_controller.rb:41
Completed 404 Not Found in 13ms (Views: 0.2ms | ActiveRecord: 5.6ms)


Started GET "/articles/" for ::1 at 2019-08-15 21:32:36 +0200
Processing by ArticlesController#index as */*
  [1m[36mArticle Load (0.3ms)[0m  [1m[34mSELECT "articles".* FROM "articles"[0m
  ↳ app/controllers/concerns/response.rb:3
Completed 200 OK in 2ms (Views: 1.2ms | ActiveRecord: 0.3ms)


